<?xml version="1.0" encoding="UTF-8"?>
<!-- Generated by org.testng.reporters.JUnitReportReporter -->
<testsuite hostname="sumo" failures="0" tests="1" name="com.actitime.testscript.CustomerModule" time="0.021" errors="0" timestamp="04 Mar 2023 06:13:30 GMT" skipped="0">
  <testcase classname="com.actitime.testscript.CustomerModule" name="CusterModule" time="0.021"/>
</testsuite> <!-- com.actitime.testscript.CustomerModule -->
